<?xml version="1.0" encoding="utf-8"?><testsuite errors="0" failures="0" name="pytest" skips="0" tests="1" time="0.868"><testcase classname="test.test_regression.TestRegression" file="test/test_regression.py" line="32" name="test_pgm_file" time="0.654293775558"><system-out>map1.pgm
map2.pgm
map3.pgm
map4.pgm
map5.pgm
map6.pgm
map7.pgm
map8.pgm
map9.pgm
map10.pgm
map11.pgm
map12.pgm
map13.pgm
map14.pgm
map15.pgm
map16.pgm
map17.pgm
map18.pgm
map19.pgm
map20.pgm
map21.pgm
map22.pgm
map23.pgm
map24.pgm
map25.pgm
map26.pgm
map27.pgm
map28.pgm
map29.pgm
map30.pgm
map31.pgm
</system-out></testcase></testsuite>