<?xml version="1.0" encoding="utf-8"?><testsuite errors="1" failures="0" name="pytest" skips="0" tests="1" time="0.239"><testcase classname="" file="test/test_regression.py" name="test.test_regression" time="0"><error message="collection failure">/usr/lib/python2.7/dist-packages/_pytest/python.py:403: in _importtestmodule
    mod = self.fspath.pyimport(ensuresyspath=importmode)
/usr/lib/python2.7/dist-packages/py/_path/local.py:668: in pyimport
    __import__(modname)
E     File &quot;/home/blue/Desktop/Edinburgh High Perfomance With Data Science/Message_Passing_Programming/mpp/test/test_regression.py&quot;, line 34
E       get_output(self, file):
E                ^
E   SyntaxError: invalid syntax</error></testcase></testsuite>